========= Security Scan Report =========
Scan Time : 2025-12-27 11:45:59


Username : kali
Active IPs:
1: lo: <LOOPBACK,UP,LOWER_UP> mtu 65536 qdisc noqueue state UNKNOWN group default qlen 1000
    link/loopback 00:00:00:00:00:00 brd 00:00:00:00:00:00
    inet 127.0.0.1/8 scope host lo
       valid_lft forever preferred_lft forever
    inet6 ::1/128 scope host noprefixroute 
       valid_lft forever preferred_lft forever
2: eth0: <BROADCAST,MULTICAST,UP,LOWER_UP> mtu 1500 qdisc fq_codel state UP group default qlen 1000
    link/ether 08:00:27:6e:13:6e brd ff:ff:ff:ff:ff:ff
    inet 10.0.2.15/24 brd 10.0.2.255 scope global dynamic noprefixroute eth0
       valid_lft 82665sec preferred_lft 82665sec
    inet6 fd00::a831:e02b:ca72:b87f/64 scope global dynamic noprefixroute 
       valid_lft 86148sec preferred_lft 14148sec
    inet6 fe80::341a:df1:919d:cbea/64 scope link noprefixroute 
       valid_lft forever preferred_lft forever



Failed ssh attempts :8
Security Status :Warning
========================================

========= Security Scan Report =========
Scan Time : 2025-12-27 11:46:18


Username : kali
Active IPs:
1: lo: <LOOPBACK,UP,LOWER_UP> mtu 65536 qdisc noqueue state UNKNOWN group default qlen 1000
    link/loopback 00:00:00:00:00:00 brd 00:00:00:00:00:00
    inet 127.0.0.1/8 scope host lo
       valid_lft forever preferred_lft forever
    inet6 ::1/128 scope host noprefixroute 
       valid_lft forever preferred_lft forever
2: eth0: <BROADCAST,MULTICAST,UP,LOWER_UP> mtu 1500 qdisc fq_codel state UP group default qlen 1000
    link/ether 08:00:27:6e:13:6e brd ff:ff:ff:ff:ff:ff
    inet 10.0.2.15/24 brd 10.0.2.255 scope global dynamic noprefixroute eth0
       valid_lft 82646sec preferred_lft 82646sec
    inet6 fd00::a831:e02b:ca72:b87f/64 scope global dynamic noprefixroute 
       valid_lft 86129sec preferred_lft 14129sec
    inet6 fe80::341a:df1:919d:cbea/64 scope link noprefixroute 
       valid_lft forever preferred_lft forever



Failed ssh attempts :8
Security Status :Warning
========================================

