Timestamp : 2025-12-26 11:47:15
Username : kali

IP Info:
1: lo: <LOOPBACK,UP,LOWER_UP> mtu 65536 qdisc noqueue state UNKNOWN group default qlen 1000
    link/loopback 00:00:00:00:00:00 brd 00:00:00:00:00:00
    inet 127.0.0.1/8 scope host lo
       valid_lft forever preferred_lft forever
    inet6 ::1/128 scope host noprefixroute 
       valid_lft forever preferred_lft forever
2: eth0: <BROADCAST,MULTICAST,UP,LOWER_UP> mtu 1500 qdisc fq_codel state UP group default qlen 1000
    link/ether 08:00:27:6e:13:6e brd ff:ff:ff:ff:ff:ff
    inet 10.0.2.15/24 brd 10.0.2.255 scope global dynamic noprefixroute eth0
       valid_lft 81285sec preferred_lft 81285sec
    inet6 fd00::a831:e02b:ca72:b87f/64 scope global dynamic noprefixroute 
       valid_lft 85063sec preferred_lft 13063sec
    inet6 fe80::341a:df1:919d:cbea/64 scope link noprefixroute 
       valid_lft forever preferred_lft forever

No. of failed ssh attempts :8
Security Status :Warning
Timestamp : 2025-12-26 11:58:01
Username : kali

IP Info:
1: lo: <LOOPBACK,UP,LOWER_UP> mtu 65536 qdisc noqueue state UNKNOWN group default qlen 1000
    link/loopback 00:00:00:00:00:00 brd 00:00:00:00:00:00
    inet 127.0.0.1/8 scope host lo
       valid_lft forever preferred_lft forever
    inet6 ::1/128 scope host noprefixroute 
       valid_lft forever preferred_lft forever
2: eth0: <BROADCAST,MULTICAST,UP,LOWER_UP> mtu 1500 qdisc fq_codel state UP group default qlen 1000
    link/ether 08:00:27:6e:13:6e brd ff:ff:ff:ff:ff:ff
    inet 10.0.2.15/24 brd 10.0.2.255 scope global dynamic noprefixroute eth0
       valid_lft 80640sec preferred_lft 80640sec
    inet6 fd00::a831:e02b:ca72:b87f/64 scope global dynamic noprefixroute 
       valid_lft 86154sec preferred_lft 14154sec
    inet6 fe80::341a:df1:919d:cbea/64 scope link noprefixroute 
       valid_lft forever preferred_lft forever

No. of failed ssh attempts :8
Security Status :Warning
Timestamp : 2025-12-27 11:24:47
Username : kali

IP Info:
1: lo: <LOOPBACK,UP,LOWER_UP> mtu 65536 qdisc noqueue state UNKNOWN group default qlen 1000
    link/loopback 00:00:00:00:00:00 brd 00:00:00:00:00:00
    inet 127.0.0.1/8 scope host lo
       valid_lft forever preferred_lft forever
    inet6 ::1/128 scope host noprefixroute 
       valid_lft forever preferred_lft forever
2: eth0: <BROADCAST,MULTICAST,UP,LOWER_UP> mtu 1500 qdisc fq_codel state UP group default qlen 1000
    link/ether 08:00:27:6e:13:6e brd ff:ff:ff:ff:ff:ff
    inet 10.0.2.15/24 brd 10.0.2.255 scope global dynamic noprefixroute eth0
       valid_lft 83937sec preferred_lft 83937sec
    inet6 fd00::a831:e02b:ca72:b87f/64 scope global dynamic noprefixroute 
       valid_lft 85676sec preferred_lft 13676sec
    inet6 fe80::341a:df1:919d:cbea/64 scope link noprefixroute 
       valid_lft forever preferred_lft forever

No. of failed ssh attempts :8
Security Status :Warning
Timestamp : 2025-12-27 11:26:35
Username : kali

IP Info:
1: lo: <LOOPBACK,UP,LOWER_UP> mtu 65536 qdisc noqueue state UNKNOWN group default qlen 1000
    link/loopback 00:00:00:00:00:00 brd 00:00:00:00:00:00
    inet 127.0.0.1/8 scope host lo
       valid_lft forever preferred_lft forever
    inet6 ::1/128 scope host noprefixroute 
       valid_lft forever preferred_lft forever
2: eth0: <BROADCAST,MULTICAST,UP,LOWER_UP> mtu 1500 qdisc fq_codel state UP group default qlen 1000
    link/ether 08:00:27:6e:13:6e brd ff:ff:ff:ff:ff:ff
    inet 10.0.2.15/24 brd 10.0.2.255 scope global dynamic noprefixroute eth0
       valid_lft 83829sec preferred_lft 83829sec
    inet6 fd00::a831:e02b:ca72:b87f/64 scope global dynamic noprefixroute 
       valid_lft 85568sec preferred_lft 13568sec
    inet6 fe80::341a:df1:919d:cbea/64 scope link noprefixroute 
       valid_lft forever preferred_lft forever

No. of failed ssh attempts :8
Security Status :Warning

