========= Security Scan Report =========
Scan Time : 2025-12-30 10:26:24

Username : kali
Active IPs:
1: lo: <LOOPBACK,UP,LOWER_UP> mtu 65536 qdisc noqueue state UNKNOWN group default qlen 1000
    link/loopback 00:00:00:00:00:00 brd 00:00:00:00:00:00
    inet 127.0.0.1/8 scope host lo
       valid_lft forever preferred_lft forever
    inet6 ::1/128 scope host noprefixroute 
       valid_lft forever preferred_lft forever
2: eth0: <BROADCAST,MULTICAST,UP,LOWER_UP> mtu 1500 qdisc fq_codel state UP group default qlen 1000
    link/ether 08:00:27:6e:13:6e brd ff:ff:ff:ff:ff:ff
    inet 10.0.2.15/24 brd 10.0.2.255 scope global dynamic noprefixroute eth0
       valid_lft 82987sec preferred_lft 82987sec
    inet6 fd00::a831:e02b:ca72:b87f/64 scope global dynamic noprefixroute 
       valid_lft 85032sec preferred_lft 13032sec
    inet6 fe80::341a:df1:919d:cbea/64 scope link noprefixroute 
       valid_lft forever preferred_lft forever

Failed SSH Attempts : 8
Security Status : Warning
========================================

========= Security Scan Report =========
Scan Time : 2025-12-30 10:27:16

Username : kali
Active IPs:
1: lo: <LOOPBACK,UP,LOWER_UP> mtu 65536 qdisc noqueue state UNKNOWN group default qlen 1000
    link/loopback 00:00:00:00:00:00 brd 00:00:00:00:00:00
    inet 127.0.0.1/8 scope host lo
       valid_lft forever preferred_lft forever
    inet6 ::1/128 scope host noprefixroute 
       valid_lft forever preferred_lft forever
2: eth0: <BROADCAST,MULTICAST,UP,LOWER_UP> mtu 1500 qdisc fq_codel state UP group default qlen 1000
    link/ether 08:00:27:6e:13:6e brd ff:ff:ff:ff:ff:ff
    inet 10.0.2.15/24 brd 10.0.2.255 scope global dynamic noprefixroute eth0
       valid_lft 82935sec preferred_lft 82935sec
    inet6 fd00::a831:e02b:ca72:b87f/64 scope global dynamic noprefixroute 
       valid_lft 84981sec preferred_lft 12981sec
    inet6 fe80::341a:df1:919d:cbea/64 scope link noprefixroute 
       valid_lft forever preferred_lft forever

Failed SSH Attempts : 8
Security Status : Warning
========================================

========= Security Scan Report =========
Scan Time : 2025-12-30 10:30:05

Username : root
Active IPs:
1: lo: <LOOPBACK,UP,LOWER_UP> mtu 65536 qdisc noqueue state UNKNOWN group default qlen 1000
    link/loopback 00:00:00:00:00:00 brd 00:00:00:00:00:00
    inet 127.0.0.1/8 scope host lo
       valid_lft forever preferred_lft forever
    inet6 ::1/128 scope host noprefixroute 
       valid_lft forever preferred_lft forever
2: eth0: <BROADCAST,MULTICAST,UP,LOWER_UP> mtu 1500 qdisc fq_codel state UP group default qlen 1000
    link/ether 08:00:27:6e:13:6e brd ff:ff:ff:ff:ff:ff
    inet 10.0.2.15/24 brd 10.0.2.255 scope global dynamic noprefixroute eth0
       valid_lft 82766sec preferred_lft 82766sec
    inet6 fd00::a831:e02b:ca72:b87f/64 scope global dynamic noprefixroute 
       valid_lft 84811sec preferred_lft 12811sec
    inet6 fe80::341a:df1:919d:cbea/64 scope link noprefixroute 
       valid_lft forever preferred_lft forever

Failed SSH Attempts : 8
Security Status : Warning
========================================

========= Security Scan Report =========
Scan Time : 2025-12-30 10:47:51

Username : kali
Active IPs:
1: lo: <LOOPBACK,UP,LOWER_UP> mtu 65536 qdisc noqueue state UNKNOWN group default qlen 1000
    link/loopback 00:00:00:00:00:00 brd 00:00:00:00:00:00
    inet 127.0.0.1/8 scope host lo
       valid_lft forever preferred_lft forever
    inet6 ::1/128 scope host noprefixroute 
       valid_lft forever preferred_lft forever
2: eth0: <BROADCAST,MULTICAST,UP,LOWER_UP> mtu 1500 qdisc fq_codel state UP group default qlen 1000
    link/ether 08:00:27:6e:13:6e brd ff:ff:ff:ff:ff:ff
    inet 10.0.2.15/24 brd 10.0.2.255 scope global dynamic noprefixroute eth0
       valid_lft 81700sec preferred_lft 81700sec
    inet6 fd00::a831:e02b:ca72:b87f/64 scope global dynamic noprefixroute 
       valid_lft 85487sec preferred_lft 13487sec
    inet6 fe80::341a:df1:919d:cbea/64 scope link noprefixroute 
       valid_lft forever preferred_lft forever

Failed SSH Attempts : 8
Security Status : Warning
========================================

========= Security Scan Report =========
Scan Time : 2025-12-30 10:48:55

Username : kali
Active IPs:
1: lo: <LOOPBACK,UP,LOWER_UP> mtu 65536 qdisc noqueue state UNKNOWN group default qlen 1000
    link/loopback 00:00:00:00:00:00 brd 00:00:00:00:00:00
    inet 127.0.0.1/8 scope host lo
       valid_lft forever preferred_lft forever
    inet6 ::1/128 scope host noprefixroute 
       valid_lft forever preferred_lft forever
2: eth0: <BROADCAST,MULTICAST,UP,LOWER_UP> mtu 1500 qdisc fq_codel state UP group default qlen 1000
    link/ether 08:00:27:6e:13:6e brd ff:ff:ff:ff:ff:ff
    inet 10.0.2.15/24 brd 10.0.2.255 scope global dynamic noprefixroute eth0
       valid_lft 81637sec preferred_lft 81637sec
    inet6 fd00::a831:e02b:ca72:b87f/64 scope global dynamic noprefixroute 
       valid_lft 85424sec preferred_lft 13424sec
    inet6 fe80::341a:df1:919d:cbea/64 scope link noprefixroute 
       valid_lft forever preferred_lft forever

Failed SSH Attempts : 8
Security Status : Warning
========================================

========= Security Scan Report =========
Scan Time : 2025-12-30 10:49:52

Username : kali
Active IPs:
1: lo: <LOOPBACK,UP,LOWER_UP> mtu 65536 qdisc noqueue state UNKNOWN group default qlen 1000
    link/loopback 00:00:00:00:00:00 brd 00:00:00:00:00:00
    inet 127.0.0.1/8 scope host lo
       valid_lft forever preferred_lft forever
    inet6 ::1/128 scope host noprefixroute 
       valid_lft forever preferred_lft forever
2: eth0: <BROADCAST,MULTICAST,UP,LOWER_UP> mtu 1500 qdisc fq_codel state UP group default qlen 1000
    link/ether 08:00:27:6e:13:6e brd ff:ff:ff:ff:ff:ff
    inet 10.0.2.15/24 brd 10.0.2.255 scope global dynamic noprefixroute eth0
       valid_lft 81579sec preferred_lft 81579sec
    inet6 fd00::a831:e02b:ca72:b87f/64 scope global dynamic noprefixroute 
       valid_lft 85366sec preferred_lft 13366sec
    inet6 fe80::341a:df1:919d:cbea/64 scope link noprefixroute 
       valid_lft forever preferred_lft forever

Failed SSH Attempts : 8
Security Status : Warning
========================================

